<?xml version="1.0" encoding="UTF-8"?>
<testsuite xmlns:xsi="http://www.w3.org/2001/XMLSchema-instance" xsi:noNamespaceSchemaLocation="https://maven.apache.org/surefire/maven-surefire-plugin/xsd/surefire-test-report.xsd" name="Ejercicio16.ejercicio16.DateLapseTest" time="0.175" tests="2" errors="0" skipped="0" failures="1">
  <properties>
[...]
</properties>
  <testcase name="testIncludesDate" classname="Ejercicio16.ejercicio16.DateLapseTest" time="0.128">
    <failure message="expected: &lt;true&gt; but was: &lt;false&gt;" type="org.opentest4j.AssertionFailedError"><![CDATA[org.opentest4j.AssertionFailedError: expected: <true> but was: <false>
	at Ejercicio16.ejercicio16.DateLapseTest.testIncludesDate(DateLapseTest.java:22)
]]></failure>
  </testcase>
  <testcase name="testSizeInDays" classname="Ejercicio16.ejercicio16.DateLapseTest" time="0.009"/>
</testsuite>